<?xml version="1.0" encoding="UTF-8"?>
<!-- Generated by org.testng.reporters.JUnitReportReporter -->
<testsuite skipped="0" hostname="DESKTOP-BC21NU3" name="demo.pagetest.UserManagementViewTest" tests="1" failures="0" timestamp="24 Nov 2018 12:16:00 GMT" time="4.894" errors="0">
  <testcase name="verifyUserManagementView" time="4.894" classname="demo.pagetest.UserManagementViewTest"/>
</testsuite> <!-- demo.pagetest.UserManagementViewTest -->
