<?xml version="1.0" encoding="UTF-8"?>
<!-- Generated by org.testng.reporters.JUnitReportReporter -->
<testsuite skipped="0" hostname="DESKTOP-BC21NU3" name="demo.pagetest.LoginTest" tests="1" failures="0" timestamp="24 Nov 2018 11:53:03 GMT" time="2.950" errors="0">
  <testcase name="verifyAdminLogin" time="2.950" classname="demo.pagetest.LoginTest"/>
</testsuite> <!-- demo.pagetest.LoginTest -->
