<?xml version="1.0" encoding="UTF-8"?>
<!-- Generated by org.testng.reporters.JUnitReportReporter -->
<testsuite skipped="0" hostname="DESKTOP-BC21NU3" name="demo.SimpleTest" tests="1" failures="0" timestamp="24 Nov 2018 06:38:04 GMT" time="12.230" errors="0">
  <testcase name="testUntitledTestCase" time="12.230" classname="demo.SimpleTest"/>
</testsuite> <!-- demo.SimpleTest -->
