<?xml version="1.0" encoding="UTF-8"?>
<!-- Generated by org.testng.reporters.JUnitReportReporter -->
<testsuite skipped="0" hostname="DESKTOP-BC21NU3" name="demo.test.SimpleLoginTest" tests="1" failures="0" timestamp="24 Nov 2018 09:52:47 GMT" time="9.298" errors="0">
  <testcase name="testUntitledTestCase" time="9.298" classname="demo.test.SimpleLoginTest"/>
</testsuite> <!-- demo.test.SimpleLoginTest -->
